2020-06-29 19:04:54	肖申克的救赎	9.7	2058397
2020-06-29 19:04:54	霸王别姬	9.6	1525838
2020-06-29 19:04:54	阿甘正传	9.5	1556454
2020-06-29 19:04:54	这个杀手不太冷	9.4	1748098
2020-06-29 19:04:54	美丽人生	9.5	977023
2020-06-29 19:04:54	泰坦尼克号	9.4	1508489
2020-06-29 19:04:54	千与千寻	9.4	1615280
2020-06-29 19:04:54	辛德勒的名单	9.5	793258
2020-06-29 19:04:54	盗梦空间	9.3	1487423
2020-06-29 19:04:54	忠犬八公的故事	9.4	1034283
2020-06-29 19:04:54	海上钢琴师	9.3	1240183
2020-06-29 19:04:54	楚门的世界	9.3	1110890
2020-06-29 19:04:54	三傻大闹宝莱坞	9.2	1379934
2020-06-29 19:04:54	机器人总动员	9.3	979416
2020-06-29 19:04:54	放牛班的春天	9.3	960198
2020-06-29 19:04:54	星际穿越	9.3	1112764
2020-06-29 19:04:54	大话西游之大圣娶亲	9.2	1090567
2020-06-29 19:04:54	熔炉	9.3	672333
2020-06-29 19:04:54	疯狂动物城	9.2	1303364
2020-06-29 19:04:54	无间道	9.2	889401
2020-06-29 19:04:54	龙猫	9.2	922327
2020-06-29 19:04:54	教父	9.3	674034
2020-06-29 19:04:54	当幸福来敲门	9.1	1102508
2020-06-29 19:04:54	怦然心动	9.1	1285342
2020-06-29 19:04:54	触不可及	9.2	720637
